[2024-06-25 15:47:25] INFO: Main server started. Logging initialized.
[2024-06-25 15:47:25] INFO: Entering command loop
[2024-06-25 15:47:29] DEBUG: Raw command received (length 11): 'create 8001'
[2024-06-25 15:47:29] DEBUG: Received command: create 8001
[2024-06-25 15:47:29] DEBUG: Character at position 0: c (ASCII: 99)
[2024-06-25 15:47:29] DEBUG: Character at position 1: r (ASCII: 114)
[2024-06-25 15:47:29] DEBUG: Character at position 2: e (ASCII: 101)
[2024-06-25 15:47:29] DEBUG: Character at position 3: a (ASCII: 97)
[2024-06-25 15:47:29] DEBUG: Character at position 4: t (ASCII: 116)
[2024-06-25 15:47:29] DEBUG: Character at position 5: e (ASCII: 101)
[2024-06-25 15:47:29] DEBUG: Character at position 6:   (ASCII: 32)
[2024-06-25 15:47:29] DEBUG: Character at position 7: 8 (ASCII: 56)
[2024-06-25 15:47:29] DEBUG: Character at position 8: 0 (ASCII: 48)
[2024-06-25 15:47:29] DEBUG: Character at position 9: 0 (ASCII: 48)
[2024-06-25 15:47:29] DEBUG: Character at position 10: 1 (ASCII: 49)
[2024-06-25 15:47:29] DEBUG: Port string: '8001'
[2024-06-25 15:47:29] DEBUG: Parsed port number: 8001
[2024-06-25 15:47:29] INFO: Attempting to create server on port 8001
[2024-06-25 15:47:29] DEBUG: Creating chat server with id 1 and port 8001
[2024-06-25 15:47:29] DEBUG: Chat server thread created successfully.
[2024-06-25 15:47:29] INFO: Created chat server on port 8001
[2024-06-25 15:47:29] FATAL: Error binding server socket for server 1
[2024-06-25 15:47:35] DEBUG: Raw command received (length 11): 'create 8002'
[2024-06-25 15:47:35] DEBUG: Received command: create 8002
[2024-06-25 15:47:35] DEBUG: Character at position 0: c (ASCII: 99)
[2024-06-25 15:47:35] DEBUG: Character at position 1: r (ASCII: 114)
[2024-06-25 15:47:35] DEBUG: Character at position 2: e (ASCII: 101)
[2024-06-25 15:47:35] DEBUG: Character at position 3: a (ASCII: 97)
[2024-06-25 15:47:35] DEBUG: Character at position 4: t (ASCII: 116)
[2024-06-25 15:47:35] DEBUG: Character at position 5: e (ASCII: 101)
[2024-06-25 15:47:35] DEBUG: Character at position 6:   (ASCII: 32)
[2024-06-25 15:47:35] DEBUG: Character at position 7: 8 (ASCII: 56)
[2024-06-25 15:47:35] DEBUG: Character at position 8: 0 (ASCII: 48)
[2024-06-25 15:47:35] DEBUG: Character at position 9: 0 (ASCII: 48)
[2024-06-25 15:47:35] DEBUG: Character at position 10: 2 (ASCII: 50)
[2024-06-25 15:47:35] DEBUG: Port string: '8002'
[2024-06-25 15:47:35] DEBUG: Parsed port number: 8002
[2024-06-25 15:47:35] INFO: Attempting to create server on port 8002
[2024-06-25 15:47:35] DEBUG: Creating chat server with id 2 and port 8002
[2024-06-25 15:47:35] DEBUG: Chat server thread created successfully.
[2024-06-25 15:47:35] INFO: Created chat server on port 8002
[2024-06-25 15:47:35] INFO: Server 2 started on port 8002. Waiting for connections...
[2024-06-25 16:31:37] INFO: Main server started. Logging initialized.
[2024-06-25 16:31:37] INFO: Entering command loop
[2024-06-25 16:31:42] DEBUG: Received command: create 8006
[2024-06-25 16:31:42] DEBUG: Port string: '8006'
[2024-06-25 16:31:42] DEBUG: Parsed port number: 8006
[2024-06-25 16:31:42] INFO: Attempting to create server on port 8006
[2024-06-25 16:31:42] DEBUG: Creating chat server with id 1 and port 8006
[2024-06-25 16:31:42] DEBUG: Chat server thread created successfully.
[2024-06-25 16:31:42] INFO: Created chat server on port 8006
[2024-06-25 16:31:42] INFO: Server 1 started on port 8006. Waiting for connections...
[2024-06-25 16:32:10] INFO: Starting client
[2024-06-25 16:32:22] INFO: Connected to server
[2024-06-25 16:32:28] INFO: User registered successfully
[2024-06-25 16:32:28] INFO: User registered successfully
[2024-06-25 16:32:28] DEBUG: Attempting to authenticate user
[2024-06-25 16:32:28] DEBUG: urt
[2024-06-25 16:32:28] DEBUG: urt:spq

[2024-06-25 16:32:28] INFO: Authentication successful
[2024-06-25 16:32:28] INFO: User urt connected from IP 10.0.1.4
[2024-06-25 16:32:40] DEBUG: Received command: list
[2024-06-25 16:32:47] INFO: Starting client
[2024-06-25 16:33:05] INFO: Connected to server
[2024-06-25 16:33:12] INFO: User registered successfully
[2024-06-25 16:33:12] INFO: User registered successfully
[2024-06-25 16:33:12] DEBUG: Attempting to authenticate user
[2024-06-25 16:33:12] DEBUG: det
[2024-06-25 16:33:12] DEBUG: urt:spq

[2024-06-25 16:33:12] DEBUG: det:&'%'

[2024-06-25 16:33:12] INFO: Authentication successful
[2024-06-25 16:33:12] INFO: User det connected from IP 127.0.0.1
[2024-06-25 16:33:48] INFO: Starting client
[2024-06-25 16:33:56] INFO: Connected to server
[2024-06-25 16:34:03] INFO: User registered successfully
[2024-06-25 16:34:03] INFO: User registered successfully
[2024-06-25 16:34:03] DEBUG: Attempting to authenticate user
[2024-06-25 16:34:03] DEBUG: gun
[2024-06-25 16:34:03] DEBUG: urt:spq

[2024-06-25 16:34:03] DEBUG: det:&'%'

[2024-06-25 16:34:03] DEBUG: gun:#&&##&

[2024-06-25 16:34:03] INFO: Authentication successful
[2024-06-25 16:34:03] INFO: User gun connected from IP 127.0.0.1
[2024-06-25 16:34:23] DEBUG: Received command: list
[2024-06-25 16:36:33] DEBUG: Received command: exit
[2024-06-25 16:36:33] INFO: Exiting main server
[2024-06-25 16:36:33] INFO: Server 1 on port 8006 is shutting down
[2024-06-25 16:36:33] INFO: Server 1 on port 8006 has been stopped
[2024-06-25 16:36:33] INFO: Main server shutting down
[2024-06-25 16:36:33] INFO: Server 1 on port 8006 has stopped
[2024-06-25 16:41:45] INFO: Main server started. Logging initialized.
[2024-06-25 16:41:45] INFO: Entering command loop
[2024-06-25 16:41:49] DEBUG: Received command: create 8001
[2024-06-25 16:41:49] DEBUG: Port string: '8001'
[2024-06-25 16:41:49] DEBUG: Parsed port number: 8001
[2024-06-25 16:41:49] INFO: Attempting to create server on port 8001
[2024-06-25 16:41:49] DEBUG: Creating chat server with id 1 and port 8001
[2024-06-25 16:41:49] DEBUG: Chat server thread created successfully.
[2024-06-25 16:41:49] INFO: Created chat server on port 8001
[2024-06-25 16:41:49] INFO: Server 1 started on port 8001. Waiting for connections...
[2024-06-25 16:42:03] INFO: Starting client
[2024-06-25 16:42:09] INFO: Connected to server
[2024-06-25 16:42:17] INFO: User registered successfully
[2024-06-25 16:42:17] INFO: User registered successfully
[2024-06-25 16:42:17] DEBUG: Attempting to authenticate user
[2024-06-25 16:42:17] DEBUG: sj
[2024-06-25 16:42:17] DEBUG: urt:spq

[2024-06-25 16:42:17] DEBUG: det:&'%'

[2024-06-25 16:42:17] DEBUG: gun:#&&##&

[2024-06-25 16:42:17] DEBUG: sj:1*(

[2024-06-25 16:42:17] INFO: Authentication successful
[2024-06-25 16:42:17] INFO: User sj connected from IP 127.0.0.1
[2024-06-25 16:42:41] INFO: Starting client
[2024-06-25 16:42:49] INFO: Connected to server
[2024-06-25 16:42:56] INFO: User registered successfully
[2024-06-25 16:42:56] INFO: User registered successfully
[2024-06-25 16:42:56] DEBUG: Attempting to authenticate user
[2024-06-25 16:42:56] DEBUG: ojkl
[2024-06-25 16:42:56] DEBUG: urt:spq

[2024-06-25 16:42:56] DEBUG: det:&'%'

[2024-06-25 16:42:56] DEBUG: gun:#&&##&

[2024-06-25 16:42:56] DEBUG: sj:1*(

[2024-06-25 16:42:56] DEBUG: ojkl:#&&+#&

[2024-06-25 16:42:56] INFO: Authentication successful
[2024-06-25 16:42:56] INFO: User ojkl connected from IP 127.0.0.1
[2024-06-25 16:43:06] INFO: Client sj disconnected
[2024-06-25 16:43:16] INFO: Client ojkl disconnected
[2024-06-25 16:43:16] INFO: No more clients on server 1. Stopping server.
[2024-06-25 16:43:25] DEBUG: Received command: list
[2024-06-25 16:43:51] ERROR: Error reading command
[2024-06-25 16:43:51] INFO: Main server shutting down
[2024-06-25 16:46:55] INFO: Main server started. Logging initialized.
[2024-06-25 16:46:55] INFO: Entering command loop
[2024-06-25 16:46:59] DEBUG: Received command: create 8004
[2024-06-25 16:46:59] DEBUG: Port string: '8004'
[2024-06-25 16:46:59] DEBUG: Parsed port number: 8004
[2024-06-25 16:46:59] INFO: Attempting to create server on port 8004
[2024-06-25 16:46:59] DEBUG: Creating chat server with id 1 and port 8004
[2024-06-25 16:46:59] DEBUG: Chat server thread created successfully.
[2024-06-25 16:46:59] INFO: Created chat server on port 8004
[2024-06-25 16:46:59] INFO: Server 1 started on port 8004. Waiting for connections...
[2024-06-25 16:47:05] DEBUG: Received command: create 8005
[2024-06-25 16:47:05] DEBUG: Port string: '8005'
[2024-06-25 16:47:05] DEBUG: Parsed port number: 8005
[2024-06-25 16:47:05] INFO: Attempting to create server on port 8005
[2024-06-25 16:47:05] DEBUG: Creating chat server with id 2 and port 8005
[2024-06-25 16:47:05] DEBUG: Chat server thread created successfully.
[2024-06-25 16:47:05] INFO: Created chat server on port 8005
[2024-06-25 16:47:05] INFO: Server 2 started on port 8005. Waiting for connections...
[2024-06-25 16:47:12] INFO: Starting client
[2024-06-25 16:47:20] INFO: Connected to server
[2024-06-25 16:47:26] INFO: User registered successfully
[2024-06-25 16:47:26] INFO: User registered successfully
[2024-06-25 16:47:26] DEBUG: Attempting to authenticate user
[2024-06-25 16:47:26] DEBUG: cvb
[2024-06-25 16:47:26] DEBUG: urt:spq

[2024-06-25 16:47:26] DEBUG: det:&'%'

[2024-06-25 16:47:26] DEBUG: gun:#&&##&

[2024-06-25 16:47:26] DEBUG: sj:1*(

[2024-06-25 16:47:26] DEBUG: ojkl:#&&+#&

[2024-06-25 16:47:26] DEBUG: cvb:!4 

[2024-06-25 16:47:26] INFO: Authentication successful
[2024-06-25 16:47:26] INFO: User cvb connected from IP 127.0.0.1
[2024-06-25 16:47:32] INFO: Starting client
[2024-06-25 16:47:38] INFO: Connected to server
[2024-06-25 16:47:44] INFO: User registered successfully
[2024-06-25 16:47:44] INFO: User registered successfully
[2024-06-25 16:47:44] DEBUG: Attempting to authenticate user
[2024-06-25 16:47:44] DEBUG: kdf
[2024-06-25 16:47:44] DEBUG: urt:spq

[2024-06-25 16:47:44] DEBUG: det:&'%'

[2024-06-25 16:47:44] DEBUG: gun:#&&##&

[2024-06-25 16:47:44] DEBUG: sj:1*(

[2024-06-25 16:47:44] DEBUG: ojkl:#&&+#&

[2024-06-25 16:47:44] DEBUG: cvb:!4 

[2024-06-25 16:47:44] DEBUG: kdf:& (#& 

[2024-06-25 16:47:44] INFO: Authentication successful
[2024-06-25 16:47:44] INFO: User kdf connected from IP 127.0.0.1
[2024-06-25 16:47:54] DEBUG: Received command: list
[2024-06-25 16:47:58] INFO: Client cvb disconnected
[2024-06-25 16:48:01] INFO: Client kdf disconnected
[2024-06-25 16:48:01] INFO: No more clients on server 2. Stopping server.
[2024-06-25 16:48:05] DEBUG: Received command: list
[2024-06-25 16:53:40] INFO: Main server started. Logging initialized.
[2024-06-25 16:53:40] INFO: Entering command loop
[2024-06-25 16:53:44] DEBUG: Received command: create 8004
[2024-06-25 16:53:44] DEBUG: Port string: '8004'
[2024-06-25 16:53:44] DEBUG: Parsed port number: 8004
[2024-06-25 16:53:44] INFO: Attempting to create server on port 8004
[2024-06-25 16:53:44] DEBUG: Creating chat server with id 1 and port 8004
[2024-06-25 16:53:44] DEBUG: Chat server thread created successfully.
[2024-06-25 16:53:44] INFO: Created chat server on port 8004
[2024-06-25 16:53:44] INFO: Server 1 started on port 8004. Waiting for connections...
[2024-06-25 16:53:48] INFO: Starting client
[2024-06-25 16:53:55] INFO: Connected to server
[2024-06-25 16:54:01] INFO: User registered successfully
[2024-06-25 16:54:01] INFO: User registered successfully
[2024-06-25 16:54:01] DEBUG: Attempting to authenticate user
[2024-06-25 16:54:01] DEBUG: er
[2024-06-25 16:54:01] DEBUG: urt:spq

[2024-06-25 16:54:01] DEBUG: det:&'%'

[2024-06-25 16:54:01] DEBUG: gun:#&&##&

[2024-06-25 16:54:01] DEBUG: sj:1*(

[2024-06-25 16:54:01] DEBUG: ojkl:#&&+#&

[2024-06-25 16:54:01] DEBUG: cvb:!4 

[2024-06-25 16:54:01] DEBUG: kdf:& (#& 

[2024-06-25 16:54:01] DEBUG: er:'0

[2024-06-25 16:54:01] INFO: Authentication successful
[2024-06-25 16:54:01] INFO: User er connected from IP 127.0.0.1
[2024-06-25 16:54:04] INFO: Starting client
[2024-06-25 16:54:10] INFO: Connected to server
[2024-06-25 16:54:16] INFO: User registered successfully
[2024-06-25 16:54:16] INFO: User registered successfully
[2024-06-25 16:54:16] DEBUG: Attempting to authenticate user
[2024-06-25 16:54:16] DEBUG: jdf
[2024-06-25 16:54:16] DEBUG: urt:spq

[2024-06-25 16:54:16] DEBUG: det:&'%'

[2024-06-25 16:54:16] DEBUG: gun:#&&##&

[2024-06-25 16:54:16] DEBUG: sj:1*(

[2024-06-25 16:54:16] DEBUG: ojkl:#&&+#&

[2024-06-25 16:54:16] DEBUG: cvb:!4 

[2024-06-25 16:54:16] DEBUG: kdf:& (#& 

[2024-06-25 16:54:16] DEBUG: er:'0

[2024-06-25 16:54:16] DEBUG: jdf:#( (&

[2024-06-25 16:54:16] INFO: Authentication successful
[2024-06-25 16:54:16] INFO: User jdf connected from IP 127.0.0.1
[2024-06-25 16:54:29] INFO: Starting client
[2024-06-25 16:54:43] INFO: Connected to server
[2024-06-25 16:54:52] INFO: User registered successfully
[2024-06-25 16:54:52] INFO: User registered successfully
[2024-06-25 16:54:52] DEBUG: Attempting to authenticate user
[2024-06-25 16:54:52] DEBUG: za
[2024-06-25 16:54:52] DEBUG: urt:spq

[2024-06-25 16:54:52] DEBUG: det:&'%'

[2024-06-25 16:54:52] DEBUG: gun:#&&##&

[2024-06-25 16:54:52] DEBUG: sj:1*(

[2024-06-25 16:54:52] DEBUG: ojkl:#&&+#&

[2024-06-25 16:54:52] DEBUG: cvb:!4 

[2024-06-25 16:54:52] DEBUG: kdf:& (#& 

[2024-06-25 16:54:52] DEBUG: er:'0

[2024-06-25 16:54:52] DEBUG: jdf:#( (&

[2024-06-25 16:54:52] DEBUG: za:8#

[2024-06-25 16:54:52] INFO: Authentication successful
[2024-06-25 16:54:52] INFO: User za connected from IP 127.0.0.1
[2024-06-25 16:54:58] INFO: Client za disconnected
[2024-06-25 16:55:04] INFO: Starting client
[2024-06-25 16:56:13] INFO: Connected to server
[2024-06-25 16:56:20] DEBUG: Attempting to authenticate user
[2024-06-25 16:56:20] DEBUG: za
[2024-06-25 16:56:20] DEBUG: urt:spq

[2024-06-25 16:56:20] DEBUG: det:&'%'

[2024-06-25 16:56:20] DEBUG: gun:#&&##&

[2024-06-25 16:56:20] DEBUG: sj:1*(

[2024-06-25 16:56:20] DEBUG: ojkl:#&&+#&

[2024-06-25 16:56:20] DEBUG: cvb:!4 

[2024-06-25 16:56:20] DEBUG: kdf:& (#& 

[2024-06-25 16:56:20] DEBUG: er:'0

[2024-06-25 16:56:20] DEBUG: jdf:#( (&

[2024-06-25 16:56:20] DEBUG: za:8#

[2024-06-25 16:56:20] INFO: Authentication successful
[2024-06-25 16:56:20] INFO: User za connected from IP 127.0.0.1
[2024-06-25 16:56:29] INFO: Client za disconnected
[2024-06-25 16:56:31] INFO: Client jdf disconnected
[2024-06-25 16:56:40] DEBUG: Received command: list
[2024-06-25 16:56:46] DEBUG: Received command: stop 8004
[2024-06-25 16:56:46] WARNING: Unknown command: stop 8004
[2024-06-25 16:56:49] DEBUG: Received command: exit
[2024-06-25 16:56:49] INFO: Exiting main server
[2024-06-25 16:56:49] INFO: Server 1 on port 8004 is shutting down
[2024-06-25 16:56:49] INFO: Server 1 on port 8004 has stopped
[2024-06-25 18:18:48] INFO: Main server started. Logging initialized.
[2024-06-25 18:18:48] INFO: Entering command loop
[2024-06-25 18:18:52] DEBUG: Received command: create 8001
[2024-06-25 18:18:52] DEBUG: Port string: '8001'
[2024-06-25 18:18:52] DEBUG: Parsed port number: 8001
[2024-06-25 18:18:52] INFO: Attempting to create server on port 8001
[2024-06-25 18:18:52] DEBUG: Creating chat server with id 1 and port 8001
[2024-06-25 18:18:52] DEBUG: Chat server thread created successfully.
[2024-06-25 18:18:52] INFO: Created chat server on port 8001
[2024-06-25 18:18:52] INFO: Server 1 started on port 8001. Waiting for connections...
[2024-06-25 18:18:59] INFO: Starting client
[2024-06-25 18:19:07] INFO: Connected to server
[2024-06-25 18:19:16] INFO: User registered successfully
[2024-06-25 18:19:16] INFO: User registered successfully
[2024-06-25 18:19:16] DEBUG: Attempting to authenticate user
[2024-06-25 18:19:16] DEBUG: 
[2024-06-25 18:19:16] DEBUG: urt:spq

[2024-06-25 18:19:16] DEBUG: det:&'%'

[2024-06-25 18:19:16] DEBUG: gun:#&&##&

[2024-06-25 18:19:16] DEBUG: sj:1*(

[2024-06-25 18:19:16] DEBUG: ojkl:#&&+#&

[2024-06-25 18:19:16] DEBUG: cvb:!4 

[2024-06-25 18:19:16] DEBUG: kdf:& (#& 

[2024-06-25 18:19:16] DEBUG: er:'0

[2024-06-25 18:19:16] DEBUG: jdf:#( (&

[2024-06-25 18:19:16] DEBUG: za:8#

[2024-06-25 18:19:16] DEBUG: :#& (#& 

[2024-06-25 18:19:16] WARNING: Authentication failed
[2024-06-25 18:19:16] INFO: Client  disconnected
[2024-06-25 18:19:16] INFO: No more clients on server 1. Stopping server.
[2024-06-25 18:19:29] INFO: Starting client
[2024-06-25 18:19:49] INFO: Connected to server
[2024-06-25 18:19:49] INFO: Server 1 on port 8001 is shutting down
[2024-06-25 18:19:49] INFO: Server 1 on port 8001 has stopped
[2024-06-25 18:20:38] INFO: User registered successfully
[2024-06-25 18:20:38] INFO: User registered successfully
[2024-06-25 18:20:38] DEBUG: Attempting to authenticate user
[2024-06-25 18:20:38] DEBUG: aad
[2024-06-25 18:20:38] DEBUG: urt:spq

[2024-06-25 18:20:38] DEBUG: det:&'%'

[2024-06-25 18:20:38] DEBUG: gun:#&&##&

[2024-06-25 18:20:38] DEBUG: sj:1*(

[2024-06-25 18:20:38] DEBUG: ojkl:#&&+#&

[2024-06-25 18:20:38] DEBUG: cvb:!4 

[2024-06-25 18:20:38] DEBUG: kdf:& (#& 

[2024-06-25 18:20:38] DEBUG: er:'0

[2024-06-25 18:20:38] DEBUG: jdf:#( (&

[2024-06-25 18:20:38] DEBUG: za:8#

[2024-06-25 18:20:38] DEBUG: :#& (#& 

[2024-06-25 18:20:38] DEBUG: aad:

[2024-06-25 18:20:39] INFO: Client  disconnected
[2024-06-25 18:20:39] INFO: No more clients on server 1. Stopping server.
[2024-06-25 18:20:51] ERROR: Error reading command
[2024-06-25 18:20:51] INFO: Main server shutting down
[2024-06-25 18:48:58] INFO: Main server started. Logging initialized.
[2024-06-25 18:48:58] INFO: Entering command loop
[2024-06-25 18:49:02] DEBUG: Received command: create 1008
[2024-06-25 18:49:02] DEBUG: Port string: '1008'
[2024-06-25 18:49:02] DEBUG: Parsed port number: 1008
[2024-06-25 18:49:02] INFO: Attempting to create server on port 1008
[2024-06-25 18:49:02] DEBUG: Creating chat server with id 1 and port 1008
[2024-06-25 18:49:02] DEBUG: Chat server thread created successfully.
[2024-06-25 18:49:02] INFO: Created chat server on port 1008
[2024-06-25 18:49:02] FATAL: Error binding server socket for server 1
